Default bit length for compilation: 64
Default security parameter for compilation: 40
Compiling file Programs/Source/my_protocol1-5m.mpc
Changed bit length for comparisons etc. to 64
WARNING: Order of memory instructions not preserved, errors possible
my_protocol1-5m-0-begin-loop-3 blowing up rounds:  (1500000 / 1500000) ** 3 < 1500000
my_protocol1-5m-0-begin-loop-9 blowing up rounds:  (10000 / 10000) ** 3 < 10000
my_protocol1-5m-0-begin-loop-20 blowing up rounds:  (20000 / 10000) ** 3 < 20000
my_protocol1-5m-0-begin-loop-27 blowing up rounds:  (1500000 / 1500000) ** 3 < 1500000
my_protocol1-5m-0-begin-loop-26 blowing up rounds:  (15000010000 / 10000) ** 3 < 15000010000
Writing to Programs/Schedules/my_protocol1-5m.sch
Writing to Programs/Bytecode/my_protocol1-5m-0.bc
Hash: 423538f6eba5b10642812e97f7c9cf7b72b95c355992f338a70233015945ec56
Program requires at most:
 45001520000 integer opens
 15001540000 virtual machine rounds
Using security parameter 40
Starting... (Num Users 1500000 : Test Num 10000)
Registering Users...
Starting timer 1 at 0 (0 MB, 0 rounds) after 9.835e-06
Stopped timer 1 at 82.7389 (24 MB, 3000000 rounds)
Verification Test...
Starting timer 2 at 0 (0 MB, 0 rounds) after 4.447e-06
Stopped timer 2 at 17822.2 (240000 MB, 20000 rounds)
Validation Test...
Starting timer 3 at 0 (0 MB, 0 rounds) after 1.297e-06
Stopped timer 3 at 1.06028 (0.32 MB, 40000 rounds)
Starting timer 4 at 0 (0 MB, 0 rounds) after 4.338e-06
Stopped timer 4 at 17614.6 (240000 MB, 40000 rounds)

Num Users = 1500000
Time = Total
Time1 = Register
Time2 = Verify
Time3 = Validate
Time4 = Trace

The following benchmarks are including preprocessing (offline phase).
Time = 35520.6 seconds 
Time1 = 82.7389 seconds (24 MB, 3000000 rounds)
Time2 = 17822.2 seconds (240000 MB, 20000 rounds)
Time3 = 1.06028 seconds (0.32 MB, 40000 rounds)
Time4 = 17614.6 seconds (240000 MB, 40000 rounds)
Data sent = 480025 MB in ~3100030 rounds (party 0 only; use '-v' for more details)
Global data sent = 960049 MB (all parties)
