Default bit length for compilation: 63
Default security parameter for compilation: 40
Compiling file Programs/Source/my_protocol1-5m.mpc
Changed bit length for comparisons etc. to 63
WARNING: Order of memory instructions not preserved, errors possible
my_protocol1-5m-0-begin-loop-3 blowing up rounds:  (1500000 / 1500000) ** 3 < 1500000
my_protocol1-5m-0-begin-loop-9 blowing up rounds:  (10000 / 10000) ** 3 < 10000
my_protocol1-5m-0-begin-loop-20 blowing up rounds:  (20000 / 10000) ** 3 < 20000
my_protocol1-5m-0-begin-loop-27 blowing up rounds:  (1500000 / 1500000) ** 3 < 1500000
my_protocol1-5m-0-begin-loop-26 blowing up rounds:  (15000010000 / 10000) ** 3 < 15000010000
Writing to Programs/Schedules/my_protocol1-5m.sch
Writing to Programs/Bytecode/my_protocol1-5m-0.bc
Hash: a034c3d4346f42a6ab33fabac3a655ae0e3d4bf0e1d0b2d8ca36f7b1594db676
Program requires at most:
 45001520000 integer opens
 15001540000 virtual machine rounds
Using security parameter 40
Trying to run 64-bit computation
Starting... (Num Users 1500000 : Test Num 10000)
Registering Users...
Starting timer 1 at 0 (0 MB, 0 rounds) after 1.3767e-05
Stopped timer 1 at 70.0983 (12 MB, 3000000 rounds)
Verification Test...
Starting timer 2 at 0 (0 MB, 0 rounds) after 4.107e-06
Stopped timer 2 at 4131.8 (120000 MB, 20000 rounds)
Validation Test...
Starting timer 3 at 0 (0 MB, 0 rounds) after 1.493e-06
Stopped timer 3 at 0.954968 (0.16 MB, 40000 rounds)
Starting timer 4 at 0 (0 MB, 0 rounds) after 4.977e-06
Stopped timer 4 at 3495.35 (120000 MB, 40000 rounds)

Num Users = 1500000
Time = Total
Time1 = Register
Time2 = Verify
Time3 = Validate
Time4 = Trace

The following benchmarks are including preprocessing (offline phase).
Time = 7698.21 seconds 
Time1 = 70.0983 seconds (12 MB, 3000000 rounds)
Time2 = 4131.8 seconds (120000 MB, 20000 rounds)
Time3 = 0.954968 seconds (0.16 MB, 40000 rounds)
Time4 = 3495.35 seconds (120000 MB, 40000 rounds)
Data sent = 240012 MB in ~3100030 rounds (party 0 only; use '-v' for more details)
Global data sent = 480025 MB (all parties)
