Default bit length for compilation: 64
Default security parameter for compilation: 40
Compiling file Programs/Source/my_protocol1m.mpc
Changed bit length for comparisons etc. to 64
WARNING: Order of memory instructions not preserved, errors possible
my_protocol1m-0-begin-loop-3 blowing up rounds:  (1000000 / 1000000) ** 3 < 1000000
my_protocol1m-0-begin-loop-9 blowing up rounds:  (10000 / 10000) ** 3 < 10000
my_protocol1m-0-begin-loop-20 blowing up rounds:  (20000 / 10000) ** 3 < 20000
my_protocol1m-0-begin-loop-27 blowing up rounds:  (1000000 / 1000000) ** 3 < 1000000
my_protocol1m-0-begin-loop-26 blowing up rounds:  (10000010000 / 10000) ** 3 < 10000010000
Writing to Programs/Schedules/my_protocol1m.sch
Writing to Programs/Bytecode/my_protocol1m-0.bc
Hash: 5b4a8060f25f6f48940d4b38749105252571ced0aa2427e66e8ab755b4ece6b6
Program requires at most:
 30001020000 integer opens
 10001040000 virtual machine rounds
Using security parameter 40
Starting... (Num Users 1000000 : Test Num 10000)
Registering Users...
Starting timer 1 at 0 (0 MB, 0 rounds) after 1.0718e-05
Stopped timer 1 at 54.6449 (16 MB, 2000000 rounds)
Verification Test...
Starting timer 2 at 0 (0 MB, 0 rounds) after 4.202e-06
Stopped timer 2 at 12494.7 (160000 MB, 20000 rounds)
Validation Test...
Starting timer 3 at 0 (0 MB, 0 rounds) after 1.293e-06
Stopped timer 3 at 1.05633 (0.32 MB, 40000 rounds)
Starting timer 4 at 0 (0 MB, 0 rounds) after 1.2497e-05
Stopped timer 4 at 12016.3 (160000 MB, 40000 rounds)

Num Users = 1000000
Time = Total
Time1 = Register
Time2 = Verify
Time3 = Validate
Time4 = Trace

The following benchmarks are including preprocessing (offline phase).
Time = 24566.7 seconds 
Time1 = 54.6449 seconds (16 MB, 2000000 rounds)
Time2 = 12494.7 seconds (160000 MB, 20000 rounds)
Time3 = 1.05633 seconds (0.32 MB, 40000 rounds)
Time4 = 12016.3 seconds (160000 MB, 40000 rounds)
Data sent = 320017 MB in ~2100030 rounds (party 0 only; use '-v' for more details)
Global data sent = 640033 MB (all parties)
