Default bit length for compilation: 63
Default security parameter for compilation: 40
Compiling file Programs/Source/my_protocol750k.mpc
Changed bit length for comparisons etc. to 63
WARNING: Order of memory instructions not preserved, errors possible
my_protocol750k-0-begin-loop-3 blowing up rounds:  (750000 / 750000) ** 3 < 750000
my_protocol750k-0-begin-loop-9 blowing up rounds:  (10000 / 10000) ** 3 < 10000
my_protocol750k-0-begin-loop-20 blowing up rounds:  (20000 / 10000) ** 3 < 20000
my_protocol750k-0-begin-loop-27 blowing up rounds:  (750000 / 750000) ** 3 < 750000
my_protocol750k-0-begin-loop-26 blowing up rounds:  (7500010000 / 10000) ** 3 < 7500010000
Writing to Programs/Schedules/my_protocol750k.sch
Writing to Programs/Bytecode/my_protocol750k-0.bc
Hash: 8c41454c7939710fccc24d1ee9af8e293f76ff6b331d28abb41f6ef265226472
Program requires at most:
 22500770000 integer opens
  7500790000 virtual machine rounds
Using security parameter 40
Trying to run 64-bit computation
Starting... (Num Users 750000 : Test Num 10000)
Registering Users...
Starting timer 1 at 0 (0 MB, 0 rounds) after 1.1383e-05
Stopped timer 1 at 34.1386 (6 MB, 1500000 rounds)
Verification Test...
Starting timer 2 at 0 (0 MB, 0 rounds) after 3.516e-06
Stopped timer 2 at 2126.36 (60000 MB, 20000 rounds)
Validation Test...
Starting timer 3 at 0 (0 MB, 0 rounds) after 1.831e-06
Stopped timer 3 at 0.921547 (0.16 MB, 40000 rounds)
Starting timer 4 at 0 (0 MB, 0 rounds) after 4.306e-06
Stopped timer 4 at 2058.18 (60000.1 MB, 40000 rounds)

Num Users = 750000
Time = Total
Time1 = Register
Time2 = Verify
Time3 = Validate
Time4 = Trace

The following benchmarks are including preprocessing (offline phase).
Time = 4219.61 seconds 
Time1 = 34.1386 seconds (6 MB, 1500000 rounds)
Time2 = 2126.36 seconds (60000 MB, 20000 rounds)
Time3 = 0.921547 seconds (0.16 MB, 40000 rounds)
Time4 = 2058.18 seconds (60000.1 MB, 40000 rounds)
Data sent = 120006 MB in ~1600030 rounds (party 0 only; use '-v' for more details)
Global data sent = 240013 MB (all parties)
