Default bit length for compilation: 64
Default security parameter for compilation: 40
Compiling file Programs/Source/my_protocol750k.mpc
Changed bit length for comparisons etc. to 64
WARNING: Order of memory instructions not preserved, errors possible
my_protocol750k-0-begin-loop-3 blowing up rounds:  (750000 / 750000) ** 3 < 750000
my_protocol750k-0-begin-loop-9 blowing up rounds:  (10000 / 10000) ** 3 < 10000
my_protocol750k-0-begin-loop-20 blowing up rounds:  (20000 / 10000) ** 3 < 20000
my_protocol750k-0-begin-loop-27 blowing up rounds:  (750000 / 750000) ** 3 < 750000
my_protocol750k-0-begin-loop-26 blowing up rounds:  (7500010000 / 10000) ** 3 < 7500010000
Writing to Programs/Schedules/my_protocol750k.sch
Writing to Programs/Bytecode/my_protocol750k-0.bc
Hash: ef4396a05548b1741d5fa1397e22a9cd426a1bf11de4de000846fd4c7806281d
Program requires at most:
 22500770000 integer opens
  7500790000 virtual machine rounds
Using security parameter 40
Starting... (Num Users 750000 : Test Num 10000)
Registering Users...
Starting timer 1 at 0 (0 MB, 0 rounds) after 1.4659e-05
Stopped timer 1 at 39.0964 (12 MB, 1500000 rounds)
Verification Test...
Starting timer 2 at 0 (0 MB, 0 rounds) after 4.019e-06
Stopped timer 2 at 10156.3 (120000 MB, 20000 rounds)
Validation Test...
Starting timer 3 at 0 (0 MB, 0 rounds) after 1.329e-06
Stopped timer 3 at 1.06524 (0.32 MB, 40000 rounds)
Starting timer 4 at 0 (0 MB, 0 rounds) after 6.817e-06
Stopped timer 4 at 9251.19 (120000 MB, 40000 rounds)

Num Users = 750000
Time = Total
Time1 = Register
Time2 = Verify
Time3 = Validate
Time4 = Trace

The following benchmarks are including preprocessing (offline phase).
Time = 19447.6 seconds 
Time1 = 39.0964 seconds (12 MB, 1500000 rounds)
Time2 = 10156.3 seconds (120000 MB, 20000 rounds)
Time3 = 1.06524 seconds (0.32 MB, 40000 rounds)
Time4 = 9251.19 seconds (120000 MB, 40000 rounds)
Data sent = 240013 MB in ~1600030 rounds (party 0 only; use '-v' for more details)
Global data sent = 480025 MB (all parties)
