Default bit length for compilation: 63
Default security parameter for compilation: 40
Compiling file Programs/Source/my_test_5mil.mpc
Changed bit length for comparisons etc. to 63
WARNING: Order of memory instructions not preserved, errors possible
Writing to Programs/Schedules/my_test_5mil.sch
Writing to Programs/Bytecode/my_test_5mil-0.bc
Hash: b21bbbed4f2b21555029e3d77cc712368d92f8f500eb624ba922d6f8e37af1b8
Program requires at most:
   160000000 integer bits
  5005000000 integer opens
  5000000000 integer triples
     5002000 virtual machine rounds
Using statistical security parameter 40
Trying to run 64-bit computation
Starting timer 1 at 0 (0 MB, 0 rounds) after 9.034e-06
Stopped timer 1 at 567.353 (1330.31 MB, 10781253 rounds)
Starting timer 2 at 0 (0 MB, 0 rounds) after 4.153e-06
Stopped timer 2 at 85316.6 (5.26852e+06 MB, 45004000 rounds)
The following benchmarks are including preprocessing (offline phase).
Time = 85884 seconds 
Time1 = 567.353 seconds (1330.31 MB, 10781253 rounds)
Time2 = 85316.6 seconds (5.26852e+06 MB, 45004000 rounds)
Data sent = 5.26985e+06 MB in ~55785253 rounds (party 0 only; use '-v' for more details)
Global data sent = 1.05406e+07 MB (all parties)
