Default bit length for compilation: 63
Default security parameter for compilation: 40
Compiling file Programs/Source/my_test_7mil.mpc
Changed bit length for comparisons etc. to 63
WARNING: Order of memory instructions not preserved, errors possible
Writing to Programs/Schedules/my_test_7mil.sch
Writing to Programs/Bytecode/my_test_7mil-0.bc
Hash: 5a679f9e25b9cdf15541b76479f6676084821fad18a74c1accbf5317d413aea9
Program requires at most:
   224000000 integer bits
  7007000000 integer opens
  7000000000 integer triples
     7002000 virtual machine rounds
Using statistical security parameter 40
Trying to run 64-bit computation
Starting timer 1 at 0 (0 MB, 0 rounds) after 7.579e-06
Stopped timer 1 at 774.617 (1862.44 MB, 15093753 rounds)
Starting timer 2 at 0 (0 MB, 0 rounds) after 3.956e-06
Stopped timer 2 at 118738 (7.37592e+06 MB, 63004000 rounds)
The following benchmarks are including preprocessing (offline phase).
Time = 119513 seconds 
Time1 = 774.617 seconds (1862.44 MB, 15093753 rounds)
Time2 = 118738 seconds (7.37592e+06 MB, 63004000 rounds)
Data sent = 7.37778e+06 MB in ~78097753 rounds (party 0 only; use '-v' for more details)
Global data sent = 1.47568e+07 MB (all parties)
