Default bit length for compilation: 63
Default security parameter for compilation: 40
Compiling file Programs/Source/my_test_1mil.mpc
Changed bit length for comparisons etc. to 63
WARNING: Order of memory instructions not preserved, errors possible
Writing to Programs/Schedules/my_test_1mil.sch
Writing to Programs/Bytecode/my_test_1mil-0.bc
Hash: 9d69754d63eba37fdcef089658181a3eb70de1667587efa518bc550a8c38d779
Program requires at most:
    32000000 integer bits
  1001000000 integer opens
  1000000000 integer triples
     1002000 virtual machine rounds
Using statistical security parameter 40
Trying to run 64-bit computation
Starting timer 1 at 0 (0 MB, 0 rounds) after 1.1204e-05
Stopped timer 1 at 114.745 (266.063 MB, 2156253 rounds)
Starting timer 2 at 0 (0 MB, 0 rounds) after 4.565e-06
Stopped timer 2 at 17082 (1.0537e+06 MB, 9004000 rounds)
The following benchmarks are including preprocessing (offline phase).
Time = 17196.8 seconds 
Time1 = 114.745 seconds (266.063 MB, 2156253 rounds)
Time2 = 17082 seconds (1.0537e+06 MB, 9004000 rounds)
Data sent = 1.05397e+06 MB in ~11160253 rounds (party 0 only; use '-v' for more details)
Global data sent = 2.10811e+06 MB (all parties)
