Default bit length for compilation: 63
Default security parameter for compilation: 40
Compiling file Programs/Source/my_test_2mil.mpc
Changed bit length for comparisons etc. to 63
WARNING: Order of memory instructions not preserved, errors possible
Writing to Programs/Schedules/my_test_2mil.sch
Writing to Programs/Bytecode/my_test_2mil-0.bc
Hash: 5d37f52f85f17a7da25bba2962772e6d07559ee18540b40e0a778df7fc70a9e8
Program requires at most:
    64000000 integer bits
  2002000000 integer opens
  2000000000 integer triples
     2002000 virtual machine rounds
Using statistical security parameter 40
Trying to run 64-bit computation
Starting timer 1 at 0 (0 MB, 0 rounds) after 1.1034e-05
Stopped timer 1 at 226.805 (532.125 MB, 4312503 rounds)
Starting timer 2 at 0 (0 MB, 0 rounds) after 4.809e-06
Stopped timer 2 at 34225.4 (2.10741e+06 MB, 18004000 rounds)
The following benchmarks are including preprocessing (offline phase).
Time = 34452.3 seconds 
Time1 = 226.805 seconds (532.125 MB, 4312503 rounds)
Time2 = 34225.4 seconds (2.10741e+06 MB, 18004000 rounds)
Data sent = 2.10794e+06 MB in ~22316503 rounds (party 0 only; use '-v' for more details)
Global data sent = 4.21623e+06 MB (all parties)
