Default bit length for compilation: 63
Default security parameter for compilation: 40
Compiling file Programs/Source/my_test_4mil.mpc
Changed bit length for comparisons etc. to 63
WARNING: Order of memory instructions not preserved, errors possible
Writing to Programs/Schedules/my_test_4mil.sch
Writing to Programs/Bytecode/my_test_4mil-0.bc
Hash: 759c5656a0b926f0b1b9619b22bd0c2e41a8b012b73b86df0dcf3f1b27a650bc
Program requires at most:
   128000000 integer bits
  4004000000 integer opens
  4000000000 integer triples
     4002000 virtual machine rounds
Using statistical security parameter 40
Trying to run 64-bit computation
Starting timer 1 at 0 (0 MB, 0 rounds) after 8.115e-06
Stopped timer 1 at 455.434 (1064.25 MB, 8625003 rounds)
Starting timer 2 at 0 (0 MB, 0 rounds) after 4.194e-06
Stopped timer 2 at 67864.3 (4.21481e+06 MB, 36004000 rounds)
The following benchmarks are including preprocessing (offline phase).
Time = 68319.8 seconds 
Time1 = 455.434 seconds (1064.25 MB, 8625003 rounds)
Time2 = 67864.3 seconds (4.21481e+06 MB, 36004000 rounds)
Data sent = 4.21588e+06 MB in ~44629003 rounds (party 0 only; use '-v' for more details)
Global data sent = 8.43245e+06 MB (all parties)
