Default bit length for compilation: 63
Default security parameter for compilation: 40
Compiling file Programs/Source/my_test_3mil.mpc
Changed bit length for comparisons etc. to 63
WARNING: Order of memory instructions not preserved, errors possible
Writing to Programs/Schedules/my_test_3mil.sch
Writing to Programs/Bytecode/my_test_3mil-0.bc
Hash: c2609fb66df725fe70fa9ef460c372569f9a5eebdb58611f1900384c0fd40938
Program requires at most:
    96000000 integer bits
  3003000000 integer opens
  3000000000 integer triples
     3002000 virtual machine rounds
Using statistical security parameter 40
Trying to run 64-bit computation
Starting timer 1 at 0 (0 MB, 0 rounds) after 1.1002e-05
Stopped timer 1 at 344 (798.188 MB, 6468753 rounds)
Starting timer 2 at 0 (0 MB, 0 rounds) after 4.672e-06
Stopped timer 2 at 51559 (3.16111e+06 MB, 27004000 rounds)
The following benchmarks are including preprocessing (offline phase).
Time = 51903 seconds 
Time1 = 344 seconds (798.188 MB, 6468753 rounds)
Time2 = 51559 seconds (3.16111e+06 MB, 27004000 rounds)
Data sent = 3.16191e+06 MB in ~33472753 rounds (party 0 only; use '-v' for more details)
Global data sent = 6.32434e+06 MB (all parties)
